<?xml version="1.0" encoding="UTF-8"?>
<!-- Generated by org.testng.reporters.JUnitReportReporter -->
<testsuite skipped="0" hostname="IBM610-PC0DXRM6" name="com.training.functional.tests.DeleteCategoriesTest" tests="2" failures="0" timestamp="25 Jan 2019 06:52:44 GMT" time="26.397" errors="0">
  <testcase name="validLoginTest" time="7.408" classname="com.training.functional.tests.DeleteCategoriesTest"/>
  <testcase name="AddNewtest" time="18.989" classname="com.training.functional.tests.DeleteCategoriesTest"/>
</testsuite> <!-- com.training.functional.tests.DeleteCategoriesTest -->
