<?xml version="1.0" encoding="UTF-8"?>
<!-- Generated by org.testng.reporters.JUnitReportReporter -->
<testsuite skipped="0" hostname="IBM610-PC0DXRM6" name="com.training.functional.tests.NewTagTest" tests="2" failures="0" timestamp="25 Jan 2019 06:55:28 GMT" time="27.075" errors="0">
  <testcase name="validLoginTest" time="7.557" classname="com.training.functional.tests.NewTagTest"/>
  <testcase name="AddNewtest" time="19.518" classname="com.training.functional.tests.NewTagTest"/>
</testsuite> <!-- com.training.functional.tests.NewTagTest -->
