<?xml version="1.0" encoding="UTF-8"?>
<!-- Generated by org.testng.reporters.JUnitReportReporter -->
<testsuite skipped="0" hostname="IBM610-PC0DXRM6" name="com.training.regression.tests.LoginDBTest" tests="2" failures="0" timestamp="11 Feb 2019 10:53:50 GMT" time="268.414" errors="0">
  <testcase name="loginDBTest" time="127.332" classname="com.training.regression.tests.LoginDBTest"/>
  <testcase name="loginDBTest" time="141.082" classname="com.training.regression.tests.LoginDBTest"/>
</testsuite> <!-- com.training.regression.tests.LoginDBTest -->
