<?xml version="1.0" encoding="UTF-8"?>
<!-- Generated by org.testng.reporters.JUnitReportReporter -->
<testsuite skipped="0" hostname="IBM610-PC0DXRM6" name="com.training.functional.tests.NewCategoriesTest" tests="2" failures="0" timestamp="25 Jan 2019 06:54:07 GMT" time="22.886" errors="0">
  <testcase name="validLoginTest" time="7.206" classname="com.training.functional.tests.NewCategoriesTest"/>
  <testcase name="AddNewtest" time="15.680" classname="com.training.functional.tests.NewCategoriesTest"/>
</testsuite> <!-- com.training.functional.tests.NewCategoriesTest -->
