<?xml version="1.0" encoding="UTF-8"?>
<!-- Generated by org.testng.reporters.JUnitReportReporter -->
<testsuite skipped="0" hostname="IBM610-PC0DXRM6" name="com.training.functional.tests.PostTrashTest" tests="2" failures="0" timestamp="23 Jan 2019 08:53:35 GMT" time="17.451" errors="0">
  <testcase name="validLoginTest" time="8.246" classname="com.training.functional.tests.PostTrashTest"/>
  <testcase name="PostTrashtest" time="9.205" classname="com.training.functional.tests.PostTrashTest"/>
</testsuite> <!-- com.training.functional.tests.PostTrashTest -->
