<?xml version="1.0" encoding="UTF-8"?>
<!-- Generated by org.testng.reporters.JUnitReportReporter -->
<testsuite skipped="0" hostname="IBM610-PC0DXRM6" name="com.training.sanity.tests.LoginTests" tests="1" failures="0" timestamp="23 Jan 2019 07:39:06 GMT" time="27.313" errors="0">
  <testcase name="validLoginTest" time="27.313" classname="com.training.sanity.tests.LoginTests"/>
</testsuite> <!-- com.training.sanity.tests.LoginTests -->
