<?xml version="1.0" encoding="UTF-8"?>
<!-- Generated by org.testng.reporters.JUnitReportReporter -->
<testsuite skipped="0" hostname="IBM610-PC0DXRM6" name="com.training.functional.tests.PostTrash" tests="2" failures="0" timestamp="23 Jan 2019 07:14:55 GMT" time="19.045" errors="0">
  <testcase name="validLoginTest" time="9.477" classname="com.training.functional.tests.PostTrash"/>
  <testcase name="PostTrashTest" time="9.568" classname="com.training.functional.tests.PostTrash"/>
</testsuite> <!-- com.training.functional.tests.PostTrash -->
