<?xml version="1.0" encoding="UTF-8"?>
<!-- Generated by org.testng.reporters.JUnitReportReporter -->
<testsuite skipped="0" hostname="IBM610-PC0DXRM6" name="com.training.functional.tests.AddNewTest" tests="2" failures="0" timestamp="24 Jan 2019 09:01:04 GMT" time="30.544" errors="0">
  <testcase name="validLoginTest" time="8.964" classname="com.training.functional.tests.AddNewTest"/>
  <testcase name="AddNewtest" time="21.580" classname="com.training.functional.tests.AddNewTest"/>
</testsuite> <!-- com.training.functional.tests.AddNewTest -->
